#
# There is insufficient memory for the Java Runtime Environment to continue.
# Native memory allocation (mmap) failed to map 264241152 bytes. Error detail: G1 virtual space
# Possible reasons:
#   The system is out of physical RAM or swap space
#   This process is running with CompressedOops enabled, and the Java Heap may be blocking the growth of the native heap
# Possible solutions:
#   Reduce memory load on the system
#   Increase physical memory or swap space
#   Check if swap backing store is full
#   Decrease Java heap size (-Xmx/-Xms)
#   Decrease number of Java threads
#   Decrease Java thread stack sizes (-Xss)
#   Set larger code cache with -XX:ReservedCodeCacheSize=
#   JVM is running with Unscaled Compressed Oops mode in which the Java heap is
#     placed in the first 4GB address space. The Java Heap base address is the
#     maximum limit for the native heap growth. Please use -XX:HeapBaseMinAddress
#     to set the Java Heap base and to place the Java Heap above 4GB virtual address.
# This output file may be truncated or incomplete.
#
#  Out of Memory Error (os_windows.cpp:3825), pid=26548, tid=14068
#
# JRE version:  (17.0.12+1) (build )
# Java VM: OpenJDK 64-Bit Server VM (17.0.12+1-b1087.25, mixed mode, sharing, tiered, compressed oops, compressed class ptrs, g1 gc, windows-amd64)
# No core dump will be written. Minidumps are not enabled by default on client versions of Windows
#

---------------  S U M M A R Y ------------

Command Line: -Xmx512m F:\devEco\code\DevEco Studio\tools\hvigor\hvigor\lib\hvigor-java-daemon.jar 45050 0000005076ff50d9041efc0cbfff52f8a0519621e3b7cb3a3619b71a2444ad72c99bd8d0845647003adb08fb7d9fa49a19e87f67e1fd777544b6fbf81dd0a2202852fbb807c7b7f5ecf6ab77b26a6fbf1d4666c42fc2369ff73405fb240e68cc

Host: 12th Gen Intel(R) Core(TM) i7-12700H, 20 cores, 15G,  Windows 11 , 64 bit Build 26100 (10.0.26100.4202)
Time: Tue Jun 24 19:58:34 2025  Windows 11 , 64 bit Build 26100 (10.0.26100.4202) elapsed time: 2.019820 seconds (0d 0h 0m 2s)

---------------  T H R E A D  ---------------

Current thread (0x000001864df2eaa0):  JavaThread "Unknown thread" [_thread_in_vm, id=14068, stack(0x0000000773e00000,0x0000000773f00000)]

Stack: [0x0000000773e00000,0x0000000773f00000]
Native frames: (J=compiled Java code, j=interpreted, Vv=VM code, C=native code)
V  [jvm.dll+0x688dd9]
V  [jvm.dll+0x842eaa]
V  [jvm.dll+0x844aee]
V  [jvm.dll+0x845153]
V  [jvm.dll+0x24ba3f]
V  [jvm.dll+0x685ba9]
V  [jvm.dll+0x67a45a]
V  [jvm.dll+0x30c60b]
V  [jvm.dll+0x313ab6]
V  [jvm.dll+0x363c6e]
V  [jvm.dll+0x363e9f]
V  [jvm.dll+0x2e2658]
V  [jvm.dll+0x2e3594]
V  [jvm.dll+0x813b31]
V  [jvm.dll+0x3719c1]
V  [jvm.dll+0x7f2626]
V  [jvm.dll+0x3f563f]
V  [jvm.dll+0x3f7191]
C  [jli.dll+0x528f]
C  [ucrtbase.dll+0x37b0]
C  [KERNEL32.DLL+0x2e8d7]
C  [ntdll.dll+0x3c34c]


---------------  P R O C E S S  ---------------

Threads class SMR info:
_java_thread_list=0x00007fff98900f58, length=0, elements={
}

Java Threads: ( => current thread )

Other Threads:
  0x000001864df5c9a0 GCTaskThread "GC Thread#0" [stack: 0x0000000773f00000,0x0000000774000000] [id=34644]
  0x000001864df618f0 ConcurrentGCThread "G1 Main Marker" [stack: 0x0000000774000000,0x0000000774100000] [id=10204]
  0x000001864df62fe0 ConcurrentGCThread "G1 Conc#0" [stack: 0x0000000774100000,0x0000000774200000] [id=10840]

[error occurred during error reporting (printing all threads), id 0xc0000005, EXCEPTION_ACCESS_VIOLATION (0xc0000005) at pc=0x00007fff980b31c7]

VM state: not at safepoint (not fully initialized)

VM Mutex/Monitor currently owned by a thread:  ([mutex/lock_event])
[0x000001864df2dd40] Heap_lock - owner thread: 0x000001864df2eaa0

Heap address: 0x00000000e0000000, size: 512 MB, Compressed Oops mode: 32-bit

CDS archive(s) mapped at: [0x0000000000000000-0x0000000000000000-0x0000000000000000), size 0, SharedBaseAddress: 0x0000000800000000, ArchiveRelocationMode: 1.
Narrow klass base: 0x0000000000000000, Narrow klass shift: 0, Narrow klass range: 0x0

GC Precious Log:
<Empty>

Heap:
 garbage-first heap   total 0K, used 0K [0x00000000e0000000, 0x0000000100000000)
  region size 1024K, 0 young (0K), 0 survivors (0K)
 Metaspace       used 0K, committed 0K, reserved 0K
  class space    used 0K, committed 0K, reserved 0K

Heap Regions: E=young(eden), S=young(survivor), O=old, HS=humongous(starts), HC=humongous(continues), CS=collection set, F=free, OA=open archive, CA=closed archive, TAMS=top-at-mark-start (previous, next)

Card table byte_map: [0x0000018661270000,0x0000018661370000] _byte_map_base: 0x0000018660b70000

Marking Bits (Prev, Next): (CMBitMap*) 0x000001864df5cfc0, (CMBitMap*) 0x000001864df5d000
 Prev Bits: [0x0000018661470000, 0x0000018661c70000)
 Next Bits: [0x0000018661c70000, 0x0000018662470000)

GC Heap History (0 events):
No events

Dll operation events (1 events):
Event: 0.007 Loaded shared library F:\devEco\code\DevEco Studio\jbr\bin\java.dll

Deoptimization events (0 events):
No events

Classes unloaded (0 events):
No events

Classes redefined (0 events):
No events

Internal exceptions (0 events):
No events

VM Operations (0 events):
No events

Events (0 events):
No events


Dynamic libraries:
0x00007ff616a80000 - 0x00007ff616a8a000 	F:\devEco\code\DevEco Studio\jbr\bin\java.exe
0x00007ff8434c0000 - 0x00007ff843725000 	C:\WINDOWS\SYSTEM32\ntdll.dll
0x00007ff8422c0000 - 0x00007ff842389000 	C:\WINDOWS\System32\KERNEL32.DLL
0x00007ff840a50000 - 0x00007ff840e38000 	C:\WINDOWS\System32\KERNELBASE.dll
0x00007ff840fe0000 - 0x00007ff84112b000 	C:\WINDOWS\System32\ucrtbase.dll
0x00007ff82b230000 - 0x00007ff82b247000 	F:\devEco\code\DevEco Studio\jbr\bin\jli.dll
0x00007ff841bc0000 - 0x00007ff841d8a000 	C:\WINDOWS\System32\USER32.dll
0x00007ff840fb0000 - 0x00007ff840fd7000 	C:\WINDOWS\System32\win32u.dll
0x00007ff81f540000 - 0x00007ff81f7da000 	C:\WINDOWS\WinSxS\amd64_microsoft.windows.common-controls_6595b64144ccf1df_6.0.26100.4202_none_3e0698d4e335f517\COMCTL32.dll
0x00007ff841360000 - 0x00007ff84138b000 	C:\WINDOWS\System32\GDI32.dll
0x00007ff8295b0000 - 0x00007ff8295cb000 	F:\devEco\code\DevEco Studio\jbr\bin\VCRUNTIME140.dll
0x00007ff842210000 - 0x00007ff8422b9000 	C:\WINDOWS\System32\msvcrt.dll
0x00007ff840790000 - 0x00007ff8408c7000 	C:\WINDOWS\System32\gdi32full.dll
0x00007ff840e40000 - 0x00007ff840ee3000 	C:\WINDOWS\System32\msvcp_win.dll
0x00007ff841f50000 - 0x00007ff841f80000 	C:\WINDOWS\System32\IMM32.DLL
0x00007ff81a330000 - 0x00007ff81a33c000 	F:\devEco\code\DevEco Studio\jbr\bin\vcruntime140_1.dll
0x00007fffffbb0000 - 0x00007fffffc3d000 	F:\devEco\code\DevEco Studio\jbr\bin\msvcp140.dll
0x00007fff97dc0000 - 0x00007fff98a45000 	F:\devEco\code\DevEco Studio\jbr\bin\server\jvm.dll
0x00007ff842140000 - 0x00007ff8421f3000 	C:\WINDOWS\System32\ADVAPI32.dll
0x00007ff842390000 - 0x00007ff842436000 	C:\WINDOWS\System32\sechost.dll
0x00007ff841820000 - 0x00007ff841935000 	C:\WINDOWS\System32\RPCRT4.dll
0x00007ff83f230000 - 0x00007ff83f28e000 	C:\WINDOWS\SYSTEM32\POWRPROF.dll
0x00007ff83d2a0000 - 0x00007ff83d2d5000 	C:\WINDOWS\SYSTEM32\WINMM.dll
0x00007ff82f630000 - 0x00007ff82f63b000 	C:\WINDOWS\SYSTEM32\VERSION.dll
0x00007ff838170000 - 0x00007ff83817a000 	C:\WINDOWS\SYSTEM32\WSOCK32.dll
0x00007ff841ac0000 - 0x00007ff841b34000 	C:\WINDOWS\System32\WS2_32.dll
0x00007ff83f210000 - 0x00007ff83f224000 	C:\WINDOWS\SYSTEM32\UMPDC.dll
0x00007ff83f4f0000 - 0x00007ff83f50b000 	C:\WINDOWS\SYSTEM32\kernel.appcore.dll
0x00007ff82b7f0000 - 0x00007ff82b7fa000 	F:\devEco\code\DevEco Studio\jbr\bin\jimage.dll
0x00007ff83e850000 - 0x00007ff83ea91000 	C:\WINDOWS\SYSTEM32\DBGHELP.DLL
0x00007ff8430f0000 - 0x00007ff843475000 	C:\WINDOWS\System32\combase.dll
0x00007ff841f90000 - 0x00007ff842071000 	C:\WINDOWS\System32\OLEAUT32.dll
0x00007ff819cd0000 - 0x00007ff819d09000 	C:\WINDOWS\SYSTEM32\dbgcore.DLL
0x00007ff8411c0000 - 0x00007ff841259000 	C:\WINDOWS\System32\bcryptPrimitives.dll
0x00007ff82b6d0000 - 0x00007ff82b6f5000 	F:\devEco\code\DevEco Studio\jbr\bin\java.dll

dbghelp: loaded successfully - version: 4.0.5 - missing functions: none
symbol engine: initialized successfully - sym options: 0x614 - pdb path: .;F:\devEco\code\DevEco Studio\jbr\bin;C:\WINDOWS\SYSTEM32;C:\WINDOWS\WinSxS\amd64_microsoft.windows.common-controls_6595b64144ccf1df_6.0.26100.4202_none_3e0698d4e335f517;F:\devEco\code\DevEco Studio\jbr\bin\server

VM Arguments:
jvm_args: -Xmx512m 
java_command: F:\devEco\code\DevEco Studio\tools\hvigor\hvigor\lib\hvigor-java-daemon.jar 45050 0000005076ff50d9041efc0cbfff52f8a0519621e3b7cb3a3619b71a2444ad72c99bd8d0845647003adb08fb7d9fa49a19e87f67e1fd777544b6fbf81dd0a2202852fbb807c7b7f5ecf6ab77b26a6fbf1d4666c42fc2369ff73405fb240e68cc
java_class_path (initial): F:\devEco\code\DevEco Studio\tools\hvigor\hvigor\lib\hvigor-java-daemon.jar
Launcher Type: SUN_STANDARD

[Global flags]
     intx CICompilerCount                          = 12                                        {product} {ergonomic}
     uint ConcGCThreads                            = 4                                         {product} {ergonomic}
     uint G1ConcRefinementThreads                  = 15                                        {product} {ergonomic}
   size_t G1HeapRegionSize                         = 1048576                                   {product} {ergonomic}
    uintx GCDrainStackTargetSize                   = 64                                        {product} {ergonomic}
   size_t InitialHeapSize                          = 264241152                                 {product} {ergonomic}
   size_t MarkStackSize                            = 4194304                                   {product} {ergonomic}
   size_t MaxHeapSize                              = 536870912                                 {product} {command line}
   size_t MinHeapDeltaBytes                        = 1048576                                   {product} {ergonomic}
   size_t MinHeapSize                              = 8388608                                   {product} {ergonomic}
    uintx NonNMethodCodeHeapSize                   = 7602480                                {pd product} {ergonomic}
    uintx NonProfiledCodeHeapSize                  = 122027880                              {pd product} {ergonomic}
    uintx ProfiledCodeHeapSize                     = 122027880                              {pd product} {ergonomic}
    uintx ReservedCodeCacheSize                    = 251658240                              {pd product} {ergonomic}
     bool SegmentedCodeCache                       = true                                      {product} {ergonomic}
   size_t SoftMaxHeapSize                          = 536870912                              {manageable} {ergonomic}
     bool UseCompressedClassPointers               = true                           {product lp64_product} {ergonomic}
     bool UseCompressedOops                        = true                           {product lp64_product} {ergonomic}
     bool UseG1GC                                  = true                                      {product} {ergonomic}
     bool UseLargePagesIndividualAllocation        = false                                  {pd product} {ergonomic}

Logging:
Log output configuration:
 #0: stdout all=warning uptime,level,tags
 #1: stderr all=off uptime,level,tags

Environment Variables:
JAVA_HOME=F:\devEco\code\DevEco Studio\jbr
PATH=F:\devEco\code\DevEco Studio\tools\node;F:\devEco\code\DevEco Studio\jbr\bin;e:\cursor\cursor\resources\app\bin;C:\Program Files\Common Files\Oracle\Java\javapath;D:\JDK\bin;d:\cursor\cursor\resources\app\bin;C:\Program Files (x86)\Microsoft\Edge\Application;C:\Windows\system32;C:\Windows;C:\Windows\System32\Wbem;C:\Windows\System32\WindowsPowerShell\v1.0\;C:\Windows\System32\OpenSSH\;C:\Program Files\dotnet\;C:\Program Files (x86)\NVIDIA Corporation\PhysX\Common;C:\Program Files\NVIDIA Corporation\NVIDIA NvDLISR;D:\编译环境配置\mingw64\bin;C:\Pr;gram Files (x86)\Windows Kits\10\Windows Performance Toolkit\;C:\WINDOWS\system32;C:\WINDOWS;C:\WINDOWS\System32\Wbem;C:\WINDOWS\System32\WindowsPowerShell\v1.0\;C:\WINDOWS\System32\OpenSSH\;F:\weixin\微信web开发者工具\dll;F:\wei;in2\微信web开发者工具\dll;F:\wei;in3\微信web开发者工具\dll;F:\mat;ab\runtime\win64;C:\Program Files\Git\cmd;C:\Users\dell\AppData\Local\Programs\Python\Launcher\;C:\Users\dell\AppData\Local\Microsoft\WindowsApps;C:\Program Files (x86)\Tencent\QQGameTempest\Hall.58012\;F:\编程类\VSC\MinGW GCC\mingw64\bin;D:\MinGW GCC\mingw64\bin;D:\PyCharm_new_app;F:\trae\python\.venv\Scripts;C:\Program Files (x86)\Microsoft\Edge\Application;C:\Windows\system32;C:\Windows;C:\Windows\System32\Wbem;C:\Windows\System32\WindowsPowerShell\v1.0\;C:\Windows\System32\OpenSSH\;C:\Program Files\dotnet\;C:\Program Files (x86)\NVIDIA Corporation\PhysX\Common;C:\Program Files\NVIDIA Corporation\NVIDIA NvDLISR;D:\编译环境配置\mingw64\bin;C:\Pr;gram Files (x86)\Windows Kits\10\Windows Performance Toolkit\;C:\WINDOWS\system32;C:\WINDOWS;C:\WINDOWS\System32\Wbem;C:\WINDOWS\System32\WindowsPowerShell\v1.0\;C:\WINDOWS\System32\OpenSSH\;F:\weixin\微信web开发者工具\dll;F:\wei;in2\微信web开发者工具\dll;F:\wei;in3\微信web开发者工具\dll;F:\mat;ab\runtime\win64;F:\matlab\bin;C:\Program Files\Git\cmd;C:\Users\dell\AppData\Local\Programs\Python\Launcher\;C:\Users\dell\AppData\Local\Microsoft\WindowsApps;C:\Program Files (x86)\Tencent\QQGame
USERNAME=dell
OS=Windows_NT
PROCESSOR_IDENTIFIER=Intel64 Family 6 Model 154 Stepping 3, GenuineIntel
TMP=C:\Users\dell\AppData\Local\Temp
TEMP=C:\Users\dell\AppData\Local\Temp



Periodic native trim disabled

JNI global refs:
JNI global refs: 0, weak refs: 0

JNI global refs memory usage: 0, weak refs: 0

OOME stack traces (most recent first):
Classloader memory used:


---------------  S Y S T E M  ---------------

OS:
 Windows 11 , 64 bit Build 26100 (10.0.26100.4202)
OS uptime: 0 days 4:07 hours
Hyper-V role detected

CPU: total 20 (initial active 20) (10 cores per cpu, 2 threads per core) family 6 model 154 stepping 3 microcode 0x437, cx8, cmov, fxsr, ht, mmx, 3dnowpref, sse, sse2, sse3, ssse3, sse4.1, sse4.2, popcnt, lzcnt, tsc, tscinvbit, avx, avx2, aes, erms, clmul, bmi1, bmi2, adx, sha, fma, vzeroupper, clflush, clflushopt, clwb, hv
Processor Information for all 20 processors :
  Max Mhz: 2300, Current Mhz: 2300, Mhz Limit: 2300

Memory: 4k page, system-wide physical 16068M (751M free)
TotalPageFile size 28568M (AvailPageFile size 11M)
current process WorkingSet (physical memory assigned to process): 12M, peak: 12M
current process commit charge ("private bytes"): 74M, peak: 326M

vm_info: OpenJDK 64-Bit Server VM (17.0.12+1-b1087.25) for windows-amd64 JRE (17.0.12+1-b1087.25), built on 2024-08-30 by "builduser" with MS VC++ 16.10 / 16.11 (VS2019)

END.
